[2019-10-26 12:01:44,108] TRACE [Controller id=0] Checking need to trigger auto leader balancing (kafka.controller.KafkaController)
[2019-10-26 12:01:44,128] DEBUG [Controller id=0] Preferred replicas by broker Map() (kafka.controller.KafkaController)
[2019-10-26 12:06:44,143] TRACE [Controller id=0] Checking need to trigger auto leader balancing (kafka.controller.KafkaController)
[2019-10-26 12:06:44,150] DEBUG [Controller id=0] Preferred replicas by broker Map() (kafka.controller.KafkaController)
[2019-10-26 12:11:44,163] TRACE [Controller id=0] Checking need to trigger auto leader balancing (kafka.controller.KafkaController)
[2019-10-26 12:11:44,168] DEBUG [Controller id=0] Preferred replicas by broker Map() (kafka.controller.KafkaController)
[2019-10-26 12:16:44,184] TRACE [Controller id=0] Checking need to trigger auto leader balancing (kafka.controller.KafkaController)
[2019-10-26 12:16:44,187] DEBUG [Controller id=0] Preferred replicas by broker Map() (kafka.controller.KafkaController)
[2019-10-26 12:19:08,260] INFO [Controller id=0] Shutting down broker 0 (kafka.controller.KafkaController)
[2019-10-26 12:19:08,262] DEBUG [Controller id=0] All shutting down brokers: 0 (kafka.controller.KafkaController)
[2019-10-26 12:19:08,263] DEBUG [Controller id=0] Live brokers:  (kafka.controller.KafkaController)
[2019-10-26 12:19:08,279] TRACE [Controller id=0] All leaders =  (kafka.controller.KafkaController)
[2019-10-26 12:19:09,198] INFO [ControllerEventThread controllerId=0] Shutting down (kafka.controller.ControllerEventManager$ControllerEventThread)
[2019-10-26 12:19:09,198] INFO [ControllerEventThread controllerId=0] Shutdown completed (kafka.controller.ControllerEventManager$ControllerEventThread)
[2019-10-26 12:19:09,198] INFO [ControllerEventThread controllerId=0] Stopped (kafka.controller.ControllerEventManager$ControllerEventThread)
[2019-10-26 12:19:09,199] DEBUG [Controller id=0] Resigning (kafka.controller.KafkaController)
[2019-10-26 12:19:09,199] DEBUG [Controller id=0] Unregister BrokerModifications handler for Set(0) (kafka.controller.KafkaController)
[2019-10-26 12:19:09,200] INFO [PartitionStateMachine controllerId=0] Stopped partition state machine (kafka.controller.PartitionStateMachine)
[2019-10-26 12:19:09,200] INFO [ReplicaStateMachine controllerId=0] Stopped replica state machine (kafka.controller.ReplicaStateMachine)
[2019-10-26 12:19:09,201] INFO [RequestSendThread controllerId=0] Shutting down (kafka.controller.RequestSendThread)
[2019-10-26 12:19:09,201] INFO [RequestSendThread controllerId=0] Stopped (kafka.controller.RequestSendThread)
[2019-10-26 12:19:09,201] INFO [RequestSendThread controllerId=0] Shutdown completed (kafka.controller.RequestSendThread)
[2019-10-26 12:19:09,203] INFO [Controller id=0] Resigned (kafka.controller.KafkaController)
